c:\users\mrtnchps\documents\3ecompsc\comp371\template\horse_v1\horse_v1\debug\horse_v1.pch
c:\users\mrtnchps\documents\3ecompsc\comp371\template\horse_v1\horse_v1\debug\vc120.pdb
c:\users\mrtnchps\documents\3ecompsc\comp371\template\horse_v1\horse_v1\debug\vc120.idb
c:\users\mrtnchps\documents\3ecompsc\comp371\template\horse_v1\horse_v1\debug\stdafx.obj
c:\users\mrtnchps\documents\3ecompsc\comp371\template\horse_v1\horse_v1\debug\grid.obj
c:\users\mrtnchps\documents\3ecompsc\comp371\template\horse_v1\horse_v1\debug\lab.obj
c:\users\mrtnchps\documents\3ecompsc\comp371\template\horse_v1\horse_v1\debug\objloader.obj
c:\users\mrtnchps\documents\3ecompsc\comp371\template\horse_v1\horse_v1\debug\shader.obj
c:\users\mrtnchps\documents\3ecompsc\comp371\template\horse_v1\debug\horse_v1.ilk
c:\users\mrtnchps\documents\3ecompsc\comp371\template\horse_v1\debug\horse_v1.exe
c:\users\mrtnchps\documents\3ecompsc\comp371\template\horse_v1\debug\horse_v1.pdb
c:\users\mrtnchps\documents\3ecompsc\comp371\template\horse_v1\horse_v1\debug\horse_v1.res
c:\users\mrtnchps\documents\3ecompsc\comp371\template\horse_v1\horse_v1\debug\horse_v1.tlog\cl.command.1.tlog
c:\users\mrtnchps\documents\3ecompsc\comp371\template\horse_v1\horse_v1\debug\horse_v1.tlog\cl.read.1.tlog
c:\users\mrtnchps\documents\3ecompsc\comp371\template\horse_v1\horse_v1\debug\horse_v1.tlog\cl.write.1.tlog
c:\users\mrtnchps\documents\3ecompsc\comp371\template\horse_v1\horse_v1\debug\horse_v1.tlog\link.command.1.tlog
c:\users\mrtnchps\documents\3ecompsc\comp371\template\horse_v1\horse_v1\debug\horse_v1.tlog\link.read.1.tlog
c:\users\mrtnchps\documents\3ecompsc\comp371\template\horse_v1\horse_v1\debug\horse_v1.tlog\link.write.1.tlog
c:\users\mrtnchps\documents\3ecompsc\comp371\template\horse_v1\horse_v1\debug\horse_v1.tlog\rc.command.1.tlog
c:\users\mrtnchps\documents\3ecompsc\comp371\template\horse_v1\horse_v1\debug\horse_v1.tlog\rc.read.1.tlog
c:\users\mrtnchps\documents\3ecompsc\comp371\template\horse_v1\horse_v1\debug\horse_v1.tlog\rc.write.1.tlog
